<?xml version="1.0" encoding="UTF-8"?>
<!-- Generated by org.testng.reporters.JUnitReportReporter -->
<testsuite hostname="LAPTOP-NSCD4DJF" failures="0" tests="1" name="com.inetbanking.testCases.TC_LOGINPAGE_001" time="2.548" errors="0" timestamp="2022-03-16T06:16:08 ADT" skipped="0">
  <testcase classname="com.inetbanking.testCases.TC_LOGINPAGE_001" name="loginTest" time="2.548"/>
  <system-out/>
</testsuite> <!-- com.inetbanking.testCases.TC_LOGINPAGE_001 -->
