<?xml version="1.0" encoding="UTF-8"?>
<!-- Generated by org.testng.reporters.JUnitReportReporter -->
<testsuite hostname="LAPTOP-NSCD4DJF" failures="0" tests="1" name="com.inetbanking.testCases.TC_LOGINPAGE_001" time="1.809" errors="0" timestamp="2022-03-22T07:03:25 ADT" skipped="0">
  <testcase classname="com.inetbanking.testCases.TC_LOGINPAGE_001" name="loginTest" time="1.809"/>
  <system-out/>
</testsuite> <!-- com.inetbanking.testCases.TC_LOGINPAGE_001 -->
